* using log directory ‘/Users/claudianikel/Desktop/maRs.Rcheck’
* using R version 3.6.1 (2019-07-05)
* using platform: x86_64-apple-darwin15.6.0 (64-bit)
* using session charset: UTF-8
* checking for file ‘maRs/DESCRIPTION’ ... OK
* this is package ‘maRs’ version ‘1.0’
* checking package namespace information ... OK
* checking package dependencies ... OK
* checking if this is a source package ... OK
* checking if there is a namespace ... OK
* checking for executable files ... WARNING
Found the following executable files:
  .git/objects/34/53c6078be60d889eab4fb1d93d145042b078d3
  .git/objects/5c/4882956d63a8f5ef6fcd913cebc9f85589b071
  .git/objects/f1/e306e294cf993e0cc47bb6b6849b6a6cbbbd86
Source packages should not contain undeclared executable files.
See section ‘Package structure’ in the ‘Writing R Extensions’ manual.
* checking for hidden files and directories ... NOTE
Found the following hidden files and directories:
  .DS_Store
  .DS_Store.orig
  .Rhistory
  .travis.yml
  R/.DS_Store
  tests/.DS_Store
  tests/testthat/.DS_Store
  .git
  .ipynb_checkpoints
These were most likely included in error. See section ‘Package
structure’ in the ‘Writing R Extensions’ manual.
* checking for portable file names ... WARNING
Found the following file with a non-portable file name:
  .ipynb_checkpoints/NASA Mars Weather Report-checkpoint.ipynb
These are not fully portable file names.
See section ‘Package structure’ in the ‘Writing R Extensions’ manual.
* checking for sufficient/correct file permissions ... OK
* checking whether package ‘maRs’ can be installed ... ERROR
Installation failed.
See ‘/Users/claudianikel/Desktop/maRs.Rcheck/00install.out’ for details.
* DONE
Status: 1 ERROR, 2 WARNINGs, 1 NOTE
