* using log directory ‘/Users/claudianikel/Desktop/534_project.Rcheck’
* using R version 3.6.1 (2019-07-05)
* using platform: x86_64-apple-darwin15.6.0 (64-bit)
* using session charset: UTF-8
* checking for file ‘534_project/DESCRIPTION’ ... OK
* this is package ‘maRs’ version ‘1.0’
* checking package namespace information ... OK
* checking package dependencies ... OK
* checking if this is a source package ... NOTE
Subdirectory ‘maRs.Rcheck/maRs’ seems to contain an installed version of the package.
* checking if there is a namespace ... OK
* checking for executable files ... WARNING
Found the following executable files:
  .git/objects/00/b37ef68a41d88ec492b17375efd22ded980124
  .git/objects/02/e22f0b161cc9145ab27dbe266aaf40f6f1be93
  .git/objects/03/64b539a10187bc883d4a55814240038b14f1d8
  .git/objects/03/ffe9d67802f4dfbe42de051393740732480e68
  .git/objects/05/7d55102be20e9e27b8ceb1656db6cbeddf8c4b
  .git/objects/05/8be6e677a8439cef4b804dde3bde4f3a9eea5a
  .git/objects/05/d1abe13fdbcff8a0d85a80dde30acb41eea790
  .git/objects/06/5fa61d68b39b4e0e4891cec40f1408abde4c99
  .git/objects/06/61d097518841330dff44daab39d2d0be1fcbdf
  .git/objects/06/c3d9eb4114abb90e84face0127dd0477137a69
  .git/objects/07/0f2f0976196a96908b6649c5fe8bbf9ef73cab
  .git/objects/09/8103a60004f78834de875ba7f58fa47871830e
  .git/objects/09/da7db7e58bfdae128368b7c33f01560f14988f
  .git/objects/0a/c860803bb465aee1359ad847802b4f90ca6826
  .git/objects/0a/e93a04e721c35cae94cdc86109245a2c981b96
  .git/objects/0f/aac0b286a98f8206bb89855680fd687e48d20a
  .git/objects/11/f8fecbdb23e39a1e82f7a61b767fa1cfc01008
  .git/objects/15/bca4abb4ce2e4d2dfecb5aa1ceebf1dc746d63
  .git/objects/17/8847c43c1838c03576244db35c202cf263cb63
  .git/objects/18/08052c132838e638a09a1e47aa71f51b681d42
  .git/objects/18/3e4909924224866dd1d5a2f0297647b0a8d75d
  .git/objects/18/57adc5a548327517bde000f49c3cca38653310
  .git/objects/19/103eecd3feab21fd164b7e085114bb00bc9adb
  .git/objects/19/5fa1095a8367a88679b8e35c6a3848076c23da
  .git/objects/1a/81cfffb6e45f9dc9c6dfb3917f38073ed541d2
  .git/objects/1a/9fa8ad1bcbb89b27938d215938d51ad72324f9
  .git/objects/1a/eaee8422b061e041956fde4648511c4644d2f8
  .git/objects/1b/637d9d745a3e710aafd5839727f4f3ab30daab
  .git/objects/1b/fdbc0544ae3e6ebf16c7098efcfc541897fc86
  .git/objects/1c/9678ec24325f47453c550f11cd71158b74a2a1
  .git/objects/1d/e33d55d601c988d276872a343070f10f9f59e2
  .git/objects/1e/8b0061925943793061426bb7b83539b28b9df0
  .git/objects/1f/4c414f799694e46b1f9080dd3fd365ab5b6d39
  .git/objects/21/3846a111582070ed99384fed58bdd94adf90d1
  .git/objects/21/fa651a0f548d088eb1cac9845ecac350bfa054
  .git/objects/22/c1969a6753b8195dcd9329ee5e2f0b4181651f
  .git/objects/26/443807fe1f58f18c58c00fa9203829726dda46
  .git/objects/27/feb01ce8fd325e79dd60052aaa9cd051033643
  .git/objects/28/84e78770ca73e42ed1c5945725fa7d7295c091
  .git/objects/2a/114814331fec462bbe828ab8acdc4f075ced2b
  .git/objects/2a/18f36d278b3342f6104ab4c4f8fbec19a21949
  .git/objects/2b/73c71e09114805078ae0292b4ec2f8246a5b3e
  .git/objects/2c/477d23848b01f5b7a414daaf193dfa95f6bb8e
  .git/objects/2c/79d48d824220bf65cb680414a712b27ef41e7e
  .git/objects/2d/28af9a424212c80302cf03b1303aba7fea41dd
  .git/objects/2d/8c199d2f527dace801085de63f63f7f57b10f1
  .git/objects/2e/52bd3d19764e8a9fa4cd84d9c81f62fcfc74e0
  .git/objects/30/296d14eb12cf9918f26720787045aba90d2adf
  .git/objects/30/2b5b46303ee00bc7649f69fe6a2362675d4839
  .git/objects/31/02bf1de2f4cef74762c1dc9263a2660cecb3ff
  .git/objects/31/6755b72d60896db59cd6edcfe1818da52056c7
  .git/objects/31/cb936065624a39c948820073171ddada7e154f
  .git/objects/32/c78361fa89224ac895c11129d84f7de1b3934d
  .git/objects/34/01ea06a2272143138e88a1b99ca0bb0ab1c2d1
  .git/objects/34/1afaa975a98616cfb77f7c628ad6f754fa7d1f
  .git/objects/36/19fce3afd99c55f3f16a15029853f4acc0fea2
  .git/objects/38/29b004c8a91c17c55552a38d8087b2760b41ab
  .git/objects/3c/237a685d30f986e76c3cc4cb01e86cb2c8df64
  .git/objects/3d/3e62b0fdac0fbc65886534dd262bf5ad4b0c68
  .git/objects/3e/2414b0affbc2dc0d0e6c1ef1885300102943f5
  .git/objects/3e/38a919d4c979bd96bbc4b0cc5782eca1be9617
  .git/objects/3f/c1a184379ee28a69580d3fbf1f29c1b9151b7e
  .git/objects/41/eaebb02f6f910d678db156ffc69729d46e9963
  .git/objects/43/1b2a90ec741c29170f3bacaf3750d6d2c78cbe
  .git/objects/44/3c8975597f966cc64de6341e563ae767c34ede
  .git/objects/44/713ac00470a18a1973ddb26487edca340cc8d7
  .git/objects/44/a311b0e60210265d6b93af1a4d079100d182ff
  .git/objects/44/cf827d8402f261ae5c414b325e5659f39ada9f
  .git/objects/45/cc821216fdeede3398200e92e289d6ccfe9fef
  .git/objects/47/b1e16855a8b32d1e9f7d581568f6b404806b75
  .git/objects/49/5fd3affbc79a9653c1a6938ffe87015111c827
  .git/objects/49/840c897792492cd7e5e67c35eff6776e4c03c6
  .git/objects/49/88a8299949aa95ad0efa25b6e5974a85218c45
  .git/objects/4a/f58c3efbc20451c5fad86344bddaa400ff44b3
  .git/objects/4b/5b60441cdfd8e4c8bf3072691fd099dbea618a
  .git/objects/4c/c54dad747d35bb0c9c4dccfa6b5837c422dda7
  .git/objects/4e/f30a005bdd1df78a98107bc5f73edb58ea6587
  .git/objects/4f/fd49bfab3e0dfe350ef5e7a26e9a90655c7d21
  .git/objects/50/d94dc2398886f94170b7767b54de85a337d16c
  .git/objects/50/e6e78ca21593e67418788c7fa6f20d68096f76
  .git/objects/54/037331495002f6c3cadc763d1253078a26cf40
  .git/objects/54/94adcb75c1f115fa871278fca32980cccd52ad
  .git/objects/54/bc416cda830b88ebc282c93c8eba0b3688d2ef
  .git/objects/55/dbd59b6f1bc3da2970d149cebbd848b7b854ad
  .git/objects/55/fc80a18aa8778c7857a2d77a81b07ec4f24eaa
  .git/objects/56/fe380511be69dfdf7fde4acc7ee4824bcd17c1
  .git/objects/57/35d02b0ddfcba713e6882930bf6194fb213476
  .git/objects/57/d978ffebe92af1a9cb078709379c8c9e9e8bae
  .git/objects/57/f69216d5d2e2dd4de9dad394a923f2864d86e4
  .git/objects/59/2630f68d59fe0135a03dc8850dd7721a3e37f9
  .git/objects/5a/cab5765064d95f87d9ade34bb1fbf4a400c6b8
  .git/objects/5b/4943a53c2bfabb4402a5b9f44fe49dcce1808e
  .git/objects/5b/7d651fe215bec203bd59b8be8883b321f8e65f
  .git/objects/5e/bba86e8679fe61604787e9a1660b5a5b4ba9cc
  .git/objects/5e/e3455021a4de703a59ce2393c9e18150bb92ae
  .git/objects/5f/571995f97d5783e182b4a9475227abf8232c59
  .git/objects/60/5921d89eb99e33874efdb08c0ebbae3a6dea38
  .git/objects/61/0919f1e4f6d36dfdf8f47284eedaaa705d84a1
  .git/objects/61/1e144369bed1049a21e9fa33dd36f2ed644c05
  .git/objects/62/03b34897116ca1144cdb2b309573c89274ee80
  .git/objects/66/5139ff850b8841547450c7d92d8db921e872e5
  .git/objects/69/4e9e1b38d692523a87ab259064642f364e204d
  .git/objects/6a/8569b4acb1c84ab36ea31b28df02115543b11a
  .git/objects/6a/d0f7232b3730ac83a6d84d351d74891f909d09
  .git/objects/6b/854f3eaf7ddbce22c754d45335d61eafd038aa
  .git/objects/6c/ce756fa5ebcba56fdd1536d8df3ef7bfb1a9a8
  .git/objects/6c/ecc0f383bd5ecb753066a8ea9dda61668fb636
  .git/objects/70/e2c77283ca1cd03bcdc0e0077c67c6bfdb6392
  .git/objects/72/5cc75e5c78d790c384d219e4a45382045503fd
  .git/objects/72/d9e8c12030f8112a85644246ea9c4a008240cd
  .git/objects/73/0c56c9c5d176f3d3ec6a201e24cefdab2e019f
  .git/objects/74/47cb5fee1451216da509791f6c6aabddc6a6ce
  .git/objects/74/b47660baf3a5ba8815ca40a200e4f70253560f
  .git/objects/76/e8b4abc5c259fea3db84841dcf0d34eb871b5a
  .git/objects/77/3187a92793df1f5aa9e921e09012c4a840e516
  .git/objects/78/f220c874cf7a65ab73e964406c67cb0189d523
  .git/objects/79/dbca2922a17f32ab011384ee202339c6aed3f3
  .git/objects/7a/3961d88ee85378df8521e4dce9caa48c243dad
  .git/objects/7a/7f5a4cadbba48816ff9c001de0ee28461b9419
  .git/objects/7d/cdade6ba08e0fceda75c5f1be84797b1df1470
  .git/objects/85/1722415c48245ed9aa06f80c6c60226e684e07
  .git/objects/88/7645e7d9149b67b7c9a7dee65997dfbc8b09a2
  .git/objects/89/85f2c50e6a895ade3ca1a68c7e58a622638137
  .git/objects/8a/d6d2508705d9a8fa77097c91589694c4a7867f
  .git/objects/8b/af6282190b1aea728937a87eb89c2656ffd958
  .git/objects/8b/c9826f9d53f79a49d3832692dc1c9c09b2f8e5
  .git/objects/8c/9c28898fb0e1e5fa9ea8656d7a0debd60ae7b7
  .git/objects/8d/7c15b45856ef34985e0369fbfc307b7e80a835
  .git/objects/8f/e991306a69c41b28a693a16aac5938591a7474
  .git/objects/90/1faf411ddf4a7768e4228896dc4beed227d7c3
  .git/objects/90/839f2cde93637d683a72f5be6a02a731b8780c
  .git/objects/90/c168a233eb4fdced9de1582aaf55696b38bce8
  .git/objects/92/758f321c80e1970157c97c3dc1571bcdde4201
  .git/objects/94/832fc3c56cac14fdb5200abc328a2ec2519cc4
  .git/objects/95/41741c547752a441dfdfebf21be316ec73bd68
  .git/objects/95/7508c65fdd06ab14c34398cd2003791a9547a0
  .git/objects/95/f812e094cc994acee7eeff0b7d545d3aed9c40
  .git/objects/96/6a662d0b5402489afadffc38cf7619b47f3b8b
  .git/objects/96/75062f750e01903e6e31ed1d45e27c6af61473
  .git/objects/97/c0342009aee5a8b4385ef3210f8fae25bbcea1
  .git/objects/98/838ffa5f3317cb24fb57d02bbe5f6314e30426
  .git/objects/9a/3d50fb141f05fc74f28f51f1399bf238c5e740
  .git/objects/9a/5a2a60d3fe09197a049931b56d14697d00081e
  .git/objects/9a/fc20af2184a6d2792657122e2b4b63a5989760
  .git/objects/9e/6bc106768f780bef7bbd85d4f0af5f49cadcaa
  .git/objects/9f/4043ce15389e6bc7192584283ba86c02aa069e
  .git/objects/9f/dc9a5035bd2e514d6b0f28e0014a367ff075be
  .git/objects/a2/5525eb4ec7f7a6a2190e961df916840c1cdb44
  .git/objects/a2/7e1cf4ae519b29e5b7b181f54dbeb8c2350d58
  .git/objects/a3/5d4e99f9952ab2463e7607719db24dca9bab29
  .git/objects/a6/f4d5cc9beceb2b0671c995dbf36f47d6dc5ace
  .git/objects/a9/7d2663b11ebd32e0778d21c1d7c026d5b7cd78
  .git/objects/ab/75f1f6f4182ff87d5862a52710d1ff0befb007
  .git/objects/ab/e5cef1a73e46a561cb6504a0ff73b900fde3fc
  .git/objects/ad/65f4771615f30db46472b84f4915a56bf5d3ec
  .git/objects/af/a7852641dba74993cad224a85bda40c820dc4f
  .git/objects/b2/7dc2db3154115be7a7ec0eb7e8d74e0dc6d01c
  .git/objects/b2/a402b004b4404cf855da18daeceb75bd505a25
  .git/objects/b3/7f1704418b87832aa8762ae5561c501041ad95
  .git/objects/b6/d606c387c6c1476018d077cbd24099b1fbc699
  .git/objects/b7/cb0dcb5fe492457dc15af3aaaa84cd2f63e587
  .git/objects/b7/fc9df7de8f6205deba7090f9653858868a6bb0
  .git/objects/b8/af21ab3e69bb1e40929dd88d653e5e9df0959d
  .git/objects/ba/68372c2bbd7b277e0f0ce8953a015183fb4716
  .git/objects/bb/b9577eade580a4560e06331e27dd2447b5259f
  .git/objects/bb/c1d91b351f3eb981dedd9972c9e63fe058a27e
  .git/objects/bc/13b08390cff371975372ab3d35514d535998f1
  .git/objects/bd/d473f145bcb712fcfbce4bb1bf13b8988872dd
  .git/objects/be/3593d94b4129f82bbd50cfff20112ae1f70bc2
  .git/objects/bf/4b20cc28ab848d0837d15818a2daff50fbe80e
  .git/objects/c2/3f4ec47a61becdc09a9193610a414d10eaddf5
  .git/objects/c2/8e06f61ca1e53bf435bdc40da7ad1f6fdc31b7
  .git/objects/c3/2f37ccfeeef42ece4b8d4560f8fe2896173cbc
  .git/objects/c5/a650fbe87ecff1e5db0bd905b83ea99bcfd65d
  .git/objects/c6/cfdba556198440f575451f8f9a3512857c68d8
  .git/objects/c9/3a10abe7e473da000300ea5cc4132c995ff75b
  .git/objects/ca/dd6d21e0298e9328b071b2378850428346fcb8
  .git/objects/cb/fbee56aac71785ad0fe4cdaf8f49d132463737
  .git/objects/ce/4d35062f9d1ca61716af314f2a99900d02b792
  .git/objects/ce/819c18a3dc2c619400a3374ca805cf89abd9ef
  .git/objects/ce/cdb1dc174b40cce3ed7bdbb403d8ebbb823785
  .git/objects/cf/125b4704113539167ccd2b7e02be085965d546
  .git/objects/d0/66518192d6f7da9d1bb465625b44d0dab4a11c
  .git/objects/d5/3b940c43aaa2553fa5e6d03ff7500791b25b5a
  .git/objects/d5/9bfcaeb8099dbfeb3ff4c70db75284f08e2709
  .git/objects/d7/27af1ed1fae713ad2731fb6faf53e326bbe65a
  .git/objects/d9/1dba7fc87a94ad948ea9bb8252bc54d81ee772
  .git/objects/da/4447f36f4bd94888ce586f7acfe5d7d94e1978
  .git/objects/db/a5329ef04b85ad9837f74b43e08c11b04b97dd
  .git/objects/dc/01dfc3edfa677ddd42b4418fd9724b70bd993e
  .git/objects/dd/2cb39eec58cce7811961a891a07888e8aa41ec
  .git/objects/dd/54c58a4cacaf271fdb650b5c408e381976df40
  .git/objects/df/516210608f22829cf4b018d34fa3c2c45d2b17
  .git/objects/e1/006c04570bed192bc0cf3eba1ba9bdc5e039a6
  .git/objects/e1/6163fb9f8d4d574587e5cb8afd305146d54d21
  .git/objects/e1/9c27b4ebb37c2ba0a375821f8802b5fdfc0bd1
  .git/objects/e1/a098d671f5ee713516e02a44058f7f44b92adb
  .git/objects/e3/95f3cf7316480f2621ddeebe98cc18aa7aaceb
  .git/objects/e4/1a18fe350c1633fb37ca2e44511ee0e5e6b849
  .git/objects/e7/9eec607e05d4bf749877a7802aebdfd1130079
  .git/objects/e9/daa4073722f5a036ddea64787aa6ffb613af03
  .git/objects/e9/e845b286c53934fdfa1fed88741a6da992e1f8
  .git/objects/eb/1cb2973d6aa9276161c81955684dcae5a8494c
  .git/objects/eb/df7355f9875a22e18f276b03599a7661221fca
  .git/objects/ec/0b63d36532391f27b11f5c3f8d66e5479ee48d
  .git/objects/ec/532a34b18c52b16be4e3579ae062ed7abf78ec
  .git/objects/ec/a691b0202ef283b205eb0c8aef7d1ca98a49c9
  .git/objects/ed/24bd61fdc20d70edb49b10331b83b5b899caf6
  .git/objects/ee/0dac428a525f63baffc37672bbf52f36d5d7d5
  .git/objects/f0/3d096330c045b71991afea1487942222b78610
  .git/objects/f1/0f5ea669d3de9e84a2ce5bf5752546b99cd02d
  .git/objects/f2/b6a84babd65def3bb330393ad7dd6d37f14870
  .git/objects/f3/6a8f729f9ad25a802278cab2e14b1f3864cb31
  .git/objects/f6/09998e02f51b8ef30d791c478730cbc6eb0ec9
  .git/objects/f7/52a390a9a2dd1e002e3ee5b0060cbb01939d3f
  .git/objects/f8/728c990527969e9cfc84fb3bb9d081b5f9d3f0
  .git/objects/fb/8c87e0e3e69d1740d9f0643d2b1b07411fd99c
  .git/objects/fb/ffcd310bf8df64c32b5160c980dfd403954161
  .git/objects/fc/a001d658544601e45b8572a23bd4c1db3a6a68
  .git/objects/fe/6bfb0d39d8287e181b1bfe43cfd739c884312c
Source packages should not contain undeclared executable files.
See section ‘Package structure’ in the ‘Writing R Extensions’ manual.
* checking for hidden files and directories ... NOTE
Found the following hidden files and directories:
  .DS_Store
  .DS_Store.orig
  .Rhistory
  .travis.yml
  R/.DS_Store
  maRs.Rcheck/tests/testthat/.DS_Store
  tests/.DS_Store
  tests/testthat/.DS_Store
  .git
  .ipynb_checkpoints
These were most likely included in error. See section ‘Package
structure’ in the ‘Writing R Extensions’ manual.
* checking for portable file names ... WARNING
Found the following file with a non-portable file name:
  .ipynb_checkpoints/NASA Mars Weather Report-checkpoint.ipynb
These are not fully portable file names.
See section ‘Package structure’ in the ‘Writing R Extensions’ manual.
* checking for sufficient/correct file permissions ... OK
* checking whether package ‘maRs’ can be installed ... ERROR
Installation failed.
See ‘/Users/claudianikel/Desktop/534_project.Rcheck/00install.out’ for details.
* DONE
Status: 1 ERROR, 2 WARNINGs, 2 NOTEs
